[0112/143632.266:ERROR:directory_reader_win.cc(43)] FindFirstFile: The system cannot find the path specified. (0x3)
[0113/005628.916:ERROR:directory_reader_win.cc(43)] FindFirstFile: The system cannot find the path specified. (0x3)
[0114/015825.205:ERROR:directory_reader_win.cc(43)] FindFirstFile: The system cannot find the path specified. (0x3)
[0114/091011.235:ERROR:directory_reader_win.cc(43)] FindFirstFile: The system cannot find the path specified. (0x3)
[0114/174701.460:ERROR:directory_reader_win.cc(43)] FindFirstFile: The system cannot find the path specified. (0x3)
[0115/132412.344:ERROR:directory_reader_win.cc(43)] FindFirstFile: The system cannot find the path specified. (0x3)
[0116/055105.079:ERROR:process_reader_win.cc(123)] NtOpenThread: {Access Denied} A process has requested access to an object, but has not been granted those access rights. (0xc0000022)
[0116/055105.079:ERROR:process_reader_win.cc(123)] NtOpenThread: {Access Denied} A process has requested access to an object, but has not been granted those access rights. (0xc0000022)
[0116/055105.135:ERROR:process_reader_win.cc(123)] NtOpenThread: {Access Denied} A process has requested access to an object, but has not been granted those access rights. (0xc0000022)
[0116/055105.073:ERROR:process_reader_win.cc(123)] NtOpenThread: {Access Denied} A process has requested access to an object, but has not been granted those access rights. (0xc0000022)
[0116/055105.095:ERROR:process_reader_win.cc(123)] NtOpenThread: {Access Denied} A process has requested access to an object, but has not been granted those access rights. (0xc0000022)
[0116/055105.073:ERROR:process_reader_win.cc(123)] NtOpenThread: {Access Denied} A process has requested access to an object, but has not been granted those access rights. (0xc0000022)
[0116/055105.135:ERROR:process_reader_win.cc(123)] NtOpenThread: {Access Denied} A process has requested access to an object, but has not been granted those access rights. (0xc0000022)
[0116/055105.136:ERROR:process_reader_win.cc(123)] NtOpenThread: {Access Denied} A process has requested access to an object, but has not been granted those access rights. (0xc0000022)
[0116/055105.135:ERROR:process_reader_win.cc(123)] NtOpenThread: {Access Denied} A process has requested access to an object, but has not been granted those access rights. (0xc0000022)
[0116/055105.073:ERROR:process_reader_win.cc(123)] NtOpenThread: {Access Denied} A process has requested access to an object, but has not been granted those access rights. (0xc0000022)
[0116/055105.161:ERROR:exception_snapshot_win.cc(99)] thread ID 6232 not found in process
[0116/055105.160:ERROR:process_reader_win.cc(123)] NtOpenThread: {Access Denied} A process has requested access to an object, but has not been granted those access rights. (0xc0000022)
[0116/055105.161:ERROR:exception_snapshot_win.cc(99)] thread ID 1328 not found in process
[0116/055105.161:ERROR:exception_snapshot_win.cc(99)] thread ID 2196 not found in process
[0116/055105.161:ERROR:exception_snapshot_win.cc(99)] thread ID 15396 not found in process
[0116/055105.161:ERROR:exception_snapshot_win.cc(99)] thread ID 13160 not found in process
[0116/055105.161:ERROR:exception_snapshot_win.cc(99)] thread ID 6116 not found in process
[0116/055105.161:ERROR:exception_snapshot_win.cc(99)] thread ID 18568 not found in process
[0116/055105.161:ERROR:exception_snapshot_win.cc(99)] thread ID 9252 not found in process
[0116/055105.079:ERROR:process_reader_win.cc(123)] NtOpenThread: {Access Denied} A process has requested access to an object, but has not been granted those access rights. (0xc0000022)
[0116/055105.162:ERROR:exception_snapshot_win.cc(99)] thread ID 9436 not found in process
[0116/055105.162:ERROR:exception_snapshot_win.cc(99)] thread ID 4952 not found in process
[0116/055105.162:ERROR:exception_snapshot_win.cc(99)] thread ID 4596 not found in process
[0116/055105.163:ERROR:process_reader_win.cc(123)] NtOpenThread: {Access Denied} A process has requested access to an object, but has not been granted those access rights. (0xc0000022)
[0116/055105.163:ERROR:exception_snapshot_win.cc(99)] thread ID 13600 not found in process
[0116/055105.168:ERROR:process_reader_win.cc(123)] NtOpenThread: {Access Denied} A process has requested access to an object, but has not been granted those access rights. (0xc0000022)
[0116/055105.169:ERROR:exception_snapshot_win.cc(99)] thread ID 17848 not found in process
[0116/055105.161:ERROR:exception_snapshot_win.cc(99)] thread ID 20304 not found in process
[0116/055105.177:ERROR:process_reader_win.cc(123)] NtOpenThread: {Access Denied} A process has requested access to an object, but has not been granted those access rights. (0xc0000022)
[0116/055105.177:ERROR:exception_snapshot_win.cc(99)] thread ID 496 not found in process
[0116/055105.184:ERROR:process_reader_win.cc(123)] NtOpenThread: {Access Denied} A process has requested access to an object, but has not been granted those access rights. (0xc0000022)
[0116/055105.184:ERROR:exception_snapshot_win.cc(99)] thread ID 9732 not found in process
[0116/055105.207:ERROR:process_reader_win.cc(123)] NtOpenThread: {Access Denied} A process has requested access to an object, but has not been granted those access rights. (0xc0000022)
[0116/055105.207:ERROR:exception_snapshot_win.cc(99)] thread ID 7080 not found in process
[0116/055105.211:ERROR:process_reader_win.cc(123)] NtOpenThread: {Access Denied} A process has requested access to an object, but has not been granted those access rights. (0xc0000022)
[0116/055105.211:ERROR:exception_snapshot_win.cc(99)] thread ID 4348 not found in process
[0116/055105.217:ERROR:process_reader_win.cc(123)] NtOpenThread: {Access Denied} A process has requested access to an object, but has not been granted those access rights. (0xc0000022)
[0116/055105.217:ERROR:exception_snapshot_win.cc(99)] thread ID 9340 not found in process
[0116/055105.226:ERROR:process_reader_win.cc(123)] NtOpenThread: {Access Denied} A process has requested access to an object, but has not been granted those access rights. (0xc0000022)
[0116/055105.226:ERROR:exception_snapshot_win.cc(99)] thread ID 14520 not found in process
[0116/055105.235:ERROR:process_reader_win.cc(123)] NtOpenThread: {Access Denied} A process has requested access to an object, but has not been granted those access rights. (0xc0000022)
[0116/055105.235:ERROR:exception_snapshot_win.cc(99)] thread ID 9672 not found in process
[0116/055105.243:ERROR:process_reader_win.cc(123)] NtOpenThread: {Access Denied} A process has requested access to an object, but has not been granted those access rights. (0xc0000022)
[0116/055105.244:ERROR:exception_snapshot_win.cc(99)] thread ID 9136 not found in process
[0116/055105.252:ERROR:process_reader_win.cc(123)] NtOpenThread: {Access Denied} A process has requested access to an object, but has not been granted those access rights. (0xc0000022)
[0116/055105.252:ERROR:exception_snapshot_win.cc(99)] thread ID 17576 not found in process
[0116/055105.259:ERROR:process_reader_win.cc(123)] NtOpenThread: {Access Denied} A process has requested access to an object, but has not been granted those access rights. (0xc0000022)
[0116/055105.259:ERROR:exception_snapshot_win.cc(99)] thread ID 15688 not found in process
[0116/055105.273:ERROR:process_reader_win.cc(123)] NtOpenThread: {Access Denied} A process has requested access to an object, but has not been granted those access rights. (0xc0000022)
[0116/055105.273:ERROR:exception_snapshot_win.cc(99)] thread ID 15940 not found in process
[0116/055105.274:ERROR:process_reader_win.cc(123)] NtOpenThread: {Access Denied} A process has requested access to an object, but has not been granted those access rights. (0xc0000022)
[0116/055105.274:ERROR:process_reader_win.cc(123)] NtOpenThread: {Access Denied} A process has requested access to an object, but has not been granted those access rights. (0xc0000022)
[0116/055105.274:ERROR:exception_snapshot_win.cc(99)] thread ID 11456 not found in process
[0116/055105.274:ERROR:exception_snapshot_win.cc(99)] thread ID 15308 not found in process
[0116/055105.280:ERROR:process_reader_win.cc(123)] NtOpenThread: {Access Denied} A process has requested access to an object, but has not been granted those access rights. (0xc0000022)
[0116/055105.280:ERROR:exception_snapshot_win.cc(99)] thread ID 8412 not found in process
[0116/055105.304:ERROR:process_reader_win.cc(123)] NtOpenThread: {Access Denied} A process has requested access to an object, but has not been granted those access rights. (0xc0000022)
[0116/055105.304:ERROR:exception_snapshot_win.cc(99)] thread ID 520 not found in process
[0116/111111.883:ERROR:directory_reader_win.cc(43)] FindFirstFile: The system cannot find the path specified. (0x3)
[0116/134740.693:ERROR:process_reader_win.cc(151)] SuspendThread: Access is denied. (0x5)
[0116/134740.693:ERROR:process_reader_win.cc(151)] SuspendThread: Access is denied. (0x5)
[0116/134740.693:ERROR:process_reader_win.cc(151)] SuspendThread: Access is denied. (0x5)
[0116/134740.700:ERROR:process_reader_win.cc(151)] SuspendThread: Access is denied. (0x5)
[0116/134740.693:ERROR:process_reader_win.cc(123)] NtOpenThread: {Access Denied} A process has requested access to an object, but has not been granted those access rights. (0xc0000022)
[0116/134740.720:ERROR:exception_snapshot_win.cc(99)] thread ID 9476 not found in process
[0116/134740.699:ERROR:process_reader_win.cc(123)] NtOpenThread: {Access Denied} A process has requested access to an object, but has not been granted those access rights. (0xc0000022)
[0116/134740.699:ERROR:process_reader_win.cc(123)] NtOpenThread: {Access Denied} A process has requested access to an object, but has not been granted those access rights. (0xc0000022)
[0116/134740.700:ERROR:process_reader_win.cc(123)] NtOpenThread: {Access Denied} A process has requested access to an object, but has not been granted those access rights. (0xc0000022)
[0116/134740.693:ERROR:process_reader_win.cc(123)] NtOpenThread: {Access Denied} A process has requested access to an object, but has not been granted those access rights. (0xc0000022)
[0116/134740.721:ERROR:exception_snapshot_win.cc(99)] thread ID 11424 not found in process
[0116/134740.721:ERROR:exception_snapshot_win.cc(99)] thread ID 888 not found in process
[0116/134740.721:ERROR:exception_snapshot_win.cc(99)] thread ID 9596 not found in process
[0116/134740.699:ERROR:process_reader_win.cc(123)] NtOpenThread: {Access Denied} A process has requested access to an object, but has not been granted those access rights. (0xc0000022)
[0116/134740.721:ERROR:exception_snapshot_win.cc(99)] thread ID 16516 not found in process
[0116/134740.693:ERROR:process_reader_win.cc(123)] NtOpenThread: {Access Denied} A process has requested access to an object, but has not been granted those access rights. (0xc0000022)
[0116/134740.721:ERROR:exception_snapshot_win.cc(99)] thread ID 3724 not found in process
[0116/134740.722:ERROR:exception_snapshot_win.cc(99)] thread ID 18932 not found in process
[0116/134740.693:ERROR:process_reader_win.cc(123)] NtOpenThread: {Access Denied} A process has requested access to an object, but has not been granted those access rights. (0xc0000022)
[0116/134740.722:ERROR:exception_snapshot_win.cc(99)] thread ID 380 not found in process
[0116/134740.742:ERROR:process_reader_win.cc(151)] SuspendThread: Access is denied. (0x5)
[0116/134740.742:ERROR:process_reader_win.cc(151)] SuspendThread: Access is denied. (0x5)
[0116/134740.742:ERROR:process_reader_win.cc(151)] SuspendThread: Access is denied. (0x5)
[0116/134740.742:ERROR:process_reader_win.cc(151)] SuspendThread: Access is denied. (0x5)
[0116/134740.742:ERROR:process_reader_win.cc(123)] NtOpenThread: {Access Denied} A process has requested access to an object, but has not been granted those access rights. (0xc0000022)
[0116/134740.742:ERROR:exception_snapshot_win.cc(99)] thread ID 20380 not found in process
[0116/134740.746:ERROR:process_reader_win.cc(123)] NtOpenThread: {Access Denied} A process has requested access to an object, but has not been granted those access rights. (0xc0000022)
[0116/134740.746:ERROR:exception_snapshot_win.cc(99)] thread ID 8504 not found in process
[0116/134740.750:ERROR:process_reader_win.cc(151)] SuspendThread: Access is denied. (0x5)
[0116/134740.750:ERROR:process_reader_win.cc(151)] SuspendThread: Access is denied. (0x5)
[0116/134740.750:ERROR:process_reader_win.cc(151)] SuspendThread: Access is denied. (0x5)
[0116/134740.750:ERROR:process_reader_win.cc(151)] SuspendThread: Access is denied. (0x5)
[0116/134740.750:ERROR:process_reader_win.cc(151)] SuspendThread: Access is denied. (0x5)
[0116/134740.750:ERROR:process_reader_win.cc(123)] NtOpenThread: {Access Denied} A process has requested access to an object, but has not been granted those access rights. (0xc0000022)
[0116/134740.759:ERROR:exception_snapshot_win.cc(99)] thread ID 19796 not found in process
[0116/134740.767:ERROR:process_reader_win.cc(151)] SuspendThread: Access is denied. (0x5)
[0116/134740.767:ERROR:process_reader_win.cc(123)] NtOpenThread: {Access Denied} A process has requested access to an object, but has not been granted those access rights. (0xc0000022)
[0116/134740.767:ERROR:exception_snapshot_win.cc(99)] thread ID 13136 not found in process
[0116/134740.776:ERROR:process_reader_win.cc(151)] SuspendThread: Access is denied. (0x5)
[0116/134740.776:ERROR:process_reader_win.cc(123)] NtOpenThread: {Access Denied} A process has requested access to an object, but has not been granted those access rights. (0xc0000022)
[0116/134740.776:ERROR:exception_snapshot_win.cc(99)] thread ID 13540 not found in process
[0116/134740.779:ERROR:process_reader_win.cc(151)] SuspendThread: Access is denied. (0x5)
[0116/134740.779:ERROR:process_reader_win.cc(123)] NtOpenThread: {Access Denied} A process has requested access to an object, but has not been granted those access rights. (0xc0000022)
[0116/134740.779:ERROR:exception_snapshot_win.cc(99)] thread ID 2064 not found in process
[0116/134740.779:ERROR:process_reader_win.cc(123)] NtOpenThread: {Access Denied} A process has requested access to an object, but has not been granted those access rights. (0xc0000022)
[0116/134740.779:ERROR:exception_snapshot_win.cc(99)] thread ID 20056 not found in process
[0116/134740.781:ERROR:process_reader_win.cc(151)] SuspendThread: Access is denied. (0x5)
[0116/134740.781:ERROR:process_reader_win.cc(151)] SuspendThread: Access is denied. (0x5)
[0116/134740.781:ERROR:process_reader_win.cc(151)] SuspendThread: Access is denied. (0x5)
[0116/134740.781:ERROR:process_reader_win.cc(151)] SuspendThread: Access is denied. (0x5)
[0116/134740.782:ERROR:process_reader_win.cc(151)] SuspendThread: Access is denied. (0x5)
[0116/134740.782:ERROR:process_reader_win.cc(123)] NtOpenThread: {Access Denied} A process has requested access to an object, but has not been granted those access rights. (0xc0000022)
[0116/134740.782:ERROR:exception_snapshot_win.cc(99)] thread ID 7648 not found in process
[0116/134740.827:ERROR:process_reader_win.cc(123)] NtOpenThread: {Access Denied} A process has requested access to an object, but has not been granted those access rights. (0xc0000022)
[0116/134740.828:ERROR:exception_snapshot_win.cc(99)] thread ID 8496 not found in process
[0116/134741.065:ERROR:process_reader_win.cc(151)] SuspendThread: Access is denied. (0x5)
[0116/134741.065:ERROR:process_reader_win.cc(123)] NtOpenThread: {Access Denied} A process has requested access to an object, but has not been granted those access rights. (0xc0000022)
[0116/134741.065:ERROR:exception_snapshot_win.cc(99)] thread ID 2144 not found in process
[0116/134741.111:ERROR:process_reader_win.cc(123)] NtOpenThread: {Access Denied} A process has requested access to an object, but has not been granted those access rights. (0xc0000022)
[0116/134741.111:ERROR:exception_snapshot_win.cc(99)] thread ID 15888 not found in process
[0116/134741.153:ERROR:process_reader_win.cc(123)] NtOpenThread: {Access Denied} A process has requested access to an object, but has not been granted those access rights. (0xc0000022)
[0116/134741.153:ERROR:exception_snapshot_win.cc(99)] thread ID 16216 not found in process
[0116/134741.176:ERROR:process_reader_win.cc(123)] NtOpenThread: {Access Denied} A process has requested access to an object, but has not been granted those access rights. (0xc0000022)
[0116/134741.176:ERROR:exception_snapshot_win.cc(99)] thread ID 1632 not found in process
[0116/134741.241:ERROR:process_reader_win.cc(123)] NtOpenThread: {Access Denied} A process has requested access to an object, but has not been granted those access rights. (0xc0000022)
[0116/134741.241:ERROR:exception_snapshot_win.cc(99)] thread ID 11468 not found in process
[0116/134741.295:ERROR:process_reader_win.cc(123)] NtOpenThread: {Access Denied} A process has requested access to an object, but has not been granted those access rights. (0xc0000022)
[0116/134741.296:ERROR:exception_snapshot_win.cc(99)] thread ID 19164 not found in process
[0116/134741.342:ERROR:process_reader_win.cc(123)] NtOpenThread: {Access Denied} A process has requested access to an object, but has not been granted those access rights. (0xc0000022)
[0116/134741.342:ERROR:exception_snapshot_win.cc(99)] thread ID 16948 not found in process
[0116/134741.406:ERROR:process_reader_win.cc(123)] NtOpenThread: {Access Denied} A process has requested access to an object, but has not been granted those access rights. (0xc0000022)
[0116/134741.406:ERROR:exception_snapshot_win.cc(99)] thread ID 19396 not found in process
[0116/134741.416:ERROR:process_info.cc(329)] VirtualQueryEx: Access is denied. (0x5)
[0116/134741.416:ERROR:process_info.cc(556)] ReadMemoryInfo failed
[0116/134741.416:ERROR:process_memory_win.cc(39)] Failed to initialize ProcessInfo.
[0116/134741.416:ERROR:scoped_process_suspend.cc(40)] NtResumeProcess: An attempt was made to access an exiting process. (0xc000010a)
[0116/160817.377:ERROR:directory_reader_win.cc(43)] FindFirstFile: The system cannot find the path specified. (0x3)
[0117/110127.990:ERROR:directory_reader_win.cc(43)] FindFirstFile: The system cannot find the path specified. (0x3)
[0117/171239.011:ERROR:directory_reader_win.cc(43)] FindFirstFile: The system cannot find the path specified. (0x3)
